  [1m[36m (198.1ms)[0m  [1mCREATE TABLE "schema_migrations" ("version" varchar(255) NOT NULL) [0m
  [1m[35m (0.1ms)[0m  select sqlite_version(*)
  [1m[36m (190.5ms)[0m  [1mCREATE UNIQUE INDEX "unique_schema_migrations" ON "schema_migrations" ("version")[0m
  [1m[35mActiveRecord::SchemaMigration Load (0.2ms)[0m  SELECT "schema_migrations".* FROM "schema_migrations"
Migrating to CreatePeople (20140522192323)
  [1m[36m (0.1ms)[0m  [1mbegin transaction[0m
  [1m[35m (0.6ms)[0m  CREATE TABLE "people" ("id" INTEGER PRIMARY KEY AUTOINCREMENT NOT NULL, "role" varchar(255), "name" varchar(255), "created_at" datetime, "updated_at" datetime) 
  [1m[36mSQL (0.4ms)[0m  [1mINSERT INTO "schema_migrations" ("version") VALUES (?)[0m  [["version", "20140522192323"]]
  [1m[35m (189.9ms)[0m  commit transaction
  [1m[36mActiveRecord::SchemaMigration Load (0.1ms)[0m  [1mSELECT "schema_migrations".* FROM "schema_migrations"[0m


Started GET "/" for 127.0.0.1 at 2014-05-22 21:24:59 +0200
  [1m[36mActiveRecord::SchemaMigration Load (0.1ms)[0m  [1mSELECT "schema_migrations".* FROM "schema_migrations"[0m

AbstractController::ActionNotFound (The action 'show' could not be found for ApplicationController):
  actionpack (4.1.1) lib/abstract_controller/base.rb:131:in `process'
  actionview (4.1.1) lib/action_view/rendering.rb:30:in `process'
  actionpack (4.1.1) lib/action_controller/metal.rb:195:in `dispatch'
  actionpack (4.1.1) lib/action_controller/metal/rack_delegation.rb:13:in `dispatch'
  actionpack (4.1.1) lib/action_controller/metal.rb:231:in `block in action'
  actionpack (4.1.1) lib/action_dispatch/routing/route_set.rb:80:in `call'
  actionpack (4.1.1) lib/action_dispatch/routing/route_set.rb:80:in `dispatch'
  actionpack (4.1.1) lib/action_dispatch/routing/route_set.rb:48:in `call'
  actionpack (4.1.1) lib/action_dispatch/journey/router.rb:71:in `block in call'
  actionpack (4.1.1) lib/action_dispatch/journey/router.rb:59:in `each'
  actionpack (4.1.1) lib/action_dispatch/journey/router.rb:59:in `call'
  actionpack (4.1.1) lib/action_dispatch/routing/route_set.rb:676:in `call'
  warden (1.2.3) lib/warden/manager.rb:35:in `block in call'
  warden (1.2.3) lib/warden/manager.rb:34:in `catch'
  warden (1.2.3) lib/warden/manager.rb:34:in `call'
  rack (1.5.2) lib/rack/etag.rb:23:in `call'
  rack (1.5.2) lib/rack/conditionalget.rb:25:in `call'
  rack (1.5.2) lib/rack/head.rb:11:in `call'
  actionpack (4.1.1) lib/action_dispatch/middleware/params_parser.rb:27:in `call'
  actionpack (4.1.1) lib/action_dispatch/middleware/flash.rb:254:in `call'
  rack (1.5.2) lib/rack/session/abstract/id.rb:225:in `context'
  rack (1.5.2) lib/rack/session/abstract/id.rb:220:in `call'
  actionpack (4.1.1) lib/action_dispatch/middleware/cookies.rb:560:in `call'
  activerecord (4.1.1) lib/active_record/query_cache.rb:36:in `call'
  activerecord (4.1.1) lib/active_record/connection_adapters/abstract/connection_pool.rb:621:in `call'
  activerecord (4.1.1) lib/active_record/migration.rb:380:in `call'
  actionpack (4.1.1) lib/action_dispatch/middleware/callbacks.rb:29:in `block in call'
  activesupport (4.1.1) lib/active_support/callbacks.rb:82:in `run_callbacks'
  actionpack (4.1.1) lib/action_dispatch/middleware/callbacks.rb:27:in `call'
  actionpack (4.1.1) lib/action_dispatch/middleware/reloader.rb:73:in `call'
  actionpack (4.1.1) lib/action_dispatch/middleware/remote_ip.rb:76:in `call'
  actionpack (4.1.1) lib/action_dispatch/middleware/debug_exceptions.rb:17:in `call'
  actionpack (4.1.1) lib/action_dispatch/middleware/show_exceptions.rb:30:in `call'
  railties (4.1.1) lib/rails/rack/logger.rb:38:in `call_app'
  railties (4.1.1) lib/rails/rack/logger.rb:20:in `block in call'
  activesupport (4.1.1) lib/active_support/tagged_logging.rb:68:in `block in tagged'
  activesupport (4.1.1) lib/active_support/tagged_logging.rb:26:in `tagged'
  activesupport (4.1.1) lib/active_support/tagged_logging.rb:68:in `tagged'
  railties (4.1.1) lib/rails/rack/logger.rb:20:in `call'
  actionpack (4.1.1) lib/action_dispatch/middleware/request_id.rb:21:in `call'
  rack (1.5.2) lib/rack/methodoverride.rb:21:in `call'
  rack (1.5.2) lib/rack/runtime.rb:17:in `call'
  activesupport (4.1.1) lib/active_support/cache/strategy/local_cache_middleware.rb:26:in `call'
  rack (1.5.2) lib/rack/lock.rb:17:in `call'
  actionpack (4.1.1) lib/action_dispatch/middleware/static.rb:64:in `call'
  rack (1.5.2) lib/rack/sendfile.rb:112:in `call'
  railties (4.1.1) lib/rails/engine.rb:514:in `call'
  railties (4.1.1) lib/rails/application.rb:144:in `call'
  rack (1.5.2) lib/rack/content_length.rb:14:in `call'
  thin (1.6.2) lib/thin/connection.rb:86:in `block in pre_process'
  thin (1.6.2) lib/thin/connection.rb:84:in `catch'
  thin (1.6.2) lib/thin/connection.rb:84:in `pre_process'
  thin (1.6.2) lib/thin/connection.rb:53:in `process'
  thin (1.6.2) lib/thin/connection.rb:39:in `receive_data'
  eventmachine (1.0.3) lib/eventmachine.rb:187:in `run_machine'
  eventmachine (1.0.3) lib/eventmachine.rb:187:in `run'
  thin (1.6.2) lib/thin/backends/base.rb:73:in `start'
  thin (1.6.2) lib/thin/server.rb:162:in `start'
  rack (1.5.2) lib/rack/handler/thin.rb:16:in `run'
  rack (1.5.2) lib/rack/server.rb:264:in `start'
  railties (4.1.1) lib/rails/commands/server.rb:69:in `start'
  railties (4.1.1) lib/rails/commands/commands_tasks.rb:81:in `block in server'
  railties (4.1.1) lib/rails/commands/commands_tasks.rb:76:in `tap'
  railties (4.1.1) lib/rails/commands/commands_tasks.rb:76:in `server'
  railties (4.1.1) lib/rails/commands/commands_tasks.rb:40:in `run_command!'
  railties (4.1.1) lib/rails/commands.rb:17:in `<top (required)>'
  bin/rails:4:in `require'
  bin/rails:4:in `<main>'


  Rendered /home/joex2/.rvm/gems/ruby-2.1.1/gems/actionpack-4.1.1/lib/action_dispatch/middleware/templates/rescues/unknown_action.html.erb within rescues/layout (1.3ms)


Started GET "/Persons" for 127.0.0.1 at 2014-05-22 21:25:03 +0200

ActionController::RoutingError (No route matches [GET] "/Persons"):
  actionpack (4.1.1) lib/action_dispatch/middleware/debug_exceptions.rb:21:in `call'
  actionpack (4.1.1) lib/action_dispatch/middleware/show_exceptions.rb:30:in `call'
  railties (4.1.1) lib/rails/rack/logger.rb:38:in `call_app'
  railties (4.1.1) lib/rails/rack/logger.rb:20:in `block in call'
  activesupport (4.1.1) lib/active_support/tagged_logging.rb:68:in `block in tagged'
  activesupport (4.1.1) lib/active_support/tagged_logging.rb:26:in `tagged'
  activesupport (4.1.1) lib/active_support/tagged_logging.rb:68:in `tagged'
  railties (4.1.1) lib/rails/rack/logger.rb:20:in `call'
  actionpack (4.1.1) lib/action_dispatch/middleware/request_id.rb:21:in `call'
  rack (1.5.2) lib/rack/methodoverride.rb:21:in `call'
  rack (1.5.2) lib/rack/runtime.rb:17:in `call'
  activesupport (4.1.1) lib/active_support/cache/strategy/local_cache_middleware.rb:26:in `call'
  rack (1.5.2) lib/rack/lock.rb:17:in `call'
  actionpack (4.1.1) lib/action_dispatch/middleware/static.rb:64:in `call'
  rack (1.5.2) lib/rack/sendfile.rb:112:in `call'
  railties (4.1.1) lib/rails/engine.rb:514:in `call'
  railties (4.1.1) lib/rails/application.rb:144:in `call'
  rack (1.5.2) lib/rack/content_length.rb:14:in `call'
  thin (1.6.2) lib/thin/connection.rb:86:in `block in pre_process'
  thin (1.6.2) lib/thin/connection.rb:84:in `catch'
  thin (1.6.2) lib/thin/connection.rb:84:in `pre_process'
  thin (1.6.2) lib/thin/connection.rb:53:in `process'
  thin (1.6.2) lib/thin/connection.rb:39:in `receive_data'
  eventmachine (1.0.3) lib/eventmachine.rb:187:in `run_machine'
  eventmachine (1.0.3) lib/eventmachine.rb:187:in `run'
  thin (1.6.2) lib/thin/backends/base.rb:73:in `start'
  thin (1.6.2) lib/thin/server.rb:162:in `start'
  rack (1.5.2) lib/rack/handler/thin.rb:16:in `run'
  rack (1.5.2) lib/rack/server.rb:264:in `start'
  railties (4.1.1) lib/rails/commands/server.rb:69:in `start'
  railties (4.1.1) lib/rails/commands/commands_tasks.rb:81:in `block in server'
  railties (4.1.1) lib/rails/commands/commands_tasks.rb:76:in `tap'
  railties (4.1.1) lib/rails/commands/commands_tasks.rb:76:in `server'
  railties (4.1.1) lib/rails/commands/commands_tasks.rb:40:in `run_command!'
  railties (4.1.1) lib/rails/commands.rb:17:in `<top (required)>'
  bin/rails:4:in `require'
  bin/rails:4:in `<main>'


  Rendered /home/joex2/.rvm/gems/ruby-2.1.1/gems/actionpack-4.1.1/lib/action_dispatch/middleware/templates/rescues/_trace.html.erb (1.0ms)
  Rendered /home/joex2/.rvm/gems/ruby-2.1.1/gems/actionpack-4.1.1/lib/action_dispatch/middleware/templates/routes/_route.html.erb (1.3ms)
  Rendered /home/joex2/.rvm/gems/ruby-2.1.1/gems/actionpack-4.1.1/lib/action_dispatch/middleware/templates/routes/_table.html.erb (21.7ms)
  Rendered /home/joex2/.rvm/gems/ruby-2.1.1/gems/actionpack-4.1.1/lib/action_dispatch/middleware/templates/rescues/routing_error.html.erb within rescues/layout (61.4ms)


Started GET "/People" for 127.0.0.1 at 2014-05-22 21:25:13 +0200

ActionController::RoutingError (No route matches [GET] "/People"):
  actionpack (4.1.1) lib/action_dispatch/middleware/debug_exceptions.rb:21:in `call'
  actionpack (4.1.1) lib/action_dispatch/middleware/show_exceptions.rb:30:in `call'
  railties (4.1.1) lib/rails/rack/logger.rb:38:in `call_app'
  railties (4.1.1) lib/rails/rack/logger.rb:20:in `block in call'
  activesupport (4.1.1) lib/active_support/tagged_logging.rb:68:in `block in tagged'
  activesupport (4.1.1) lib/active_support/tagged_logging.rb:26:in `tagged'
  activesupport (4.1.1) lib/active_support/tagged_logging.rb:68:in `tagged'
  railties (4.1.1) lib/rails/rack/logger.rb:20:in `call'
  actionpack (4.1.1) lib/action_dispatch/middleware/request_id.rb:21:in `call'
  rack (1.5.2) lib/rack/methodoverride.rb:21:in `call'
  rack (1.5.2) lib/rack/runtime.rb:17:in `call'
  activesupport (4.1.1) lib/active_support/cache/strategy/local_cache_middleware.rb:26:in `call'
  rack (1.5.2) lib/rack/lock.rb:17:in `call'
  actionpack (4.1.1) lib/action_dispatch/middleware/static.rb:64:in `call'
  rack (1.5.2) lib/rack/sendfile.rb:112:in `call'
  railties (4.1.1) lib/rails/engine.rb:514:in `call'
  railties (4.1.1) lib/rails/application.rb:144:in `call'
  rack (1.5.2) lib/rack/content_length.rb:14:in `call'
  thin (1.6.2) lib/thin/connection.rb:86:in `block in pre_process'
  thin (1.6.2) lib/thin/connection.rb:84:in `catch'
  thin (1.6.2) lib/thin/connection.rb:84:in `pre_process'
  thin (1.6.2) lib/thin/connection.rb:53:in `process'
  thin (1.6.2) lib/thin/connection.rb:39:in `receive_data'
  eventmachine (1.0.3) lib/eventmachine.rb:187:in `run_machine'
  eventmachine (1.0.3) lib/eventmachine.rb:187:in `run'
  thin (1.6.2) lib/thin/backends/base.rb:73:in `start'
  thin (1.6.2) lib/thin/server.rb:162:in `start'
  rack (1.5.2) lib/rack/handler/thin.rb:16:in `run'
  rack (1.5.2) lib/rack/server.rb:264:in `start'
  railties (4.1.1) lib/rails/commands/server.rb:69:in `start'
  railties (4.1.1) lib/rails/commands/commands_tasks.rb:81:in `block in server'
  railties (4.1.1) lib/rails/commands/commands_tasks.rb:76:in `tap'
  railties (4.1.1) lib/rails/commands/commands_tasks.rb:76:in `server'
  railties (4.1.1) lib/rails/commands/commands_tasks.rb:40:in `run_command!'
  railties (4.1.1) lib/rails/commands.rb:17:in `<top (required)>'
  bin/rails:4:in `require'
  bin/rails:4:in `<main>'


  Rendered /home/joex2/.rvm/gems/ruby-2.1.1/gems/actionpack-4.1.1/lib/action_dispatch/middleware/templates/rescues/_trace.html.erb (1.1ms)
  Rendered /home/joex2/.rvm/gems/ruby-2.1.1/gems/actionpack-4.1.1/lib/action_dispatch/middleware/templates/routes/_route.html.erb (1.1ms)
  Rendered /home/joex2/.rvm/gems/ruby-2.1.1/gems/actionpack-4.1.1/lib/action_dispatch/middleware/templates/routes/_table.html.erb (1.0ms)
  Rendered /home/joex2/.rvm/gems/ruby-2.1.1/gems/actionpack-4.1.1/lib/action_dispatch/middleware/templates/rescues/routing_error.html.erb within rescues/layout (17.6ms)


Started GET "/Peoples" for 127.0.0.1 at 2014-05-22 21:25:14 +0200

ActionController::RoutingError (No route matches [GET] "/Peoples"):
  actionpack (4.1.1) lib/action_dispatch/middleware/debug_exceptions.rb:21:in `call'
  actionpack (4.1.1) lib/action_dispatch/middleware/show_exceptions.rb:30:in `call'
  railties (4.1.1) lib/rails/rack/logger.rb:38:in `call_app'
  railties (4.1.1) lib/rails/rack/logger.rb:20:in `block in call'
  activesupport (4.1.1) lib/active_support/tagged_logging.rb:68:in `block in tagged'
  activesupport (4.1.1) lib/active_support/tagged_logging.rb:26:in `tagged'
  activesupport (4.1.1) lib/active_support/tagged_logging.rb:68:in `tagged'
  railties (4.1.1) lib/rails/rack/logger.rb:20:in `call'
  actionpack (4.1.1) lib/action_dispatch/middleware/request_id.rb:21:in `call'
  rack (1.5.2) lib/rack/methodoverride.rb:21:in `call'
  rack (1.5.2) lib/rack/runtime.rb:17:in `call'
  activesupport (4.1.1) lib/active_support/cache/strategy/local_cache_middleware.rb:26:in `call'
  rack (1.5.2) lib/rack/lock.rb:17:in `call'
  actionpack (4.1.1) lib/action_dispatch/middleware/static.rb:64:in `call'
  rack (1.5.2) lib/rack/sendfile.rb:112:in `call'
  railties (4.1.1) lib/rails/engine.rb:514:in `call'
  railties (4.1.1) lib/rails/application.rb:144:in `call'
  rack (1.5.2) lib/rack/content_length.rb:14:in `call'
  thin (1.6.2) lib/thin/connection.rb:86:in `block in pre_process'
  thin (1.6.2) lib/thin/connection.rb:84:in `catch'
  thin (1.6.2) lib/thin/connection.rb:84:in `pre_process'
  thin (1.6.2) lib/thin/connection.rb:53:in `process'
  thin (1.6.2) lib/thin/connection.rb:39:in `receive_data'
  eventmachine (1.0.3) lib/eventmachine.rb:187:in `run_machine'
  eventmachine (1.0.3) lib/eventmachine.rb:187:in `run'
  thin (1.6.2) lib/thin/backends/base.rb:73:in `start'
  thin (1.6.2) lib/thin/server.rb:162:in `start'
  rack (1.5.2) lib/rack/handler/thin.rb:16:in `run'
  rack (1.5.2) lib/rack/server.rb:264:in `start'
  railties (4.1.1) lib/rails/commands/server.rb:69:in `start'
  railties (4.1.1) lib/rails/commands/commands_tasks.rb:81:in `block in server'
  railties (4.1.1) lib/rails/commands/commands_tasks.rb:76:in `tap'
  railties (4.1.1) lib/rails/commands/commands_tasks.rb:76:in `server'
  railties (4.1.1) lib/rails/commands/commands_tasks.rb:40:in `run_command!'
  railties (4.1.1) lib/rails/commands.rb:17:in `<top (required)>'
  bin/rails:4:in `require'
  bin/rails:4:in `<main>'


  Rendered /home/joex2/.rvm/gems/ruby-2.1.1/gems/actionpack-4.1.1/lib/action_dispatch/middleware/templates/rescues/_trace.html.erb (0.9ms)
  Rendered /home/joex2/.rvm/gems/ruby-2.1.1/gems/actionpack-4.1.1/lib/action_dispatch/middleware/templates/routes/_route.html.erb (1.2ms)
  Rendered /home/joex2/.rvm/gems/ruby-2.1.1/gems/actionpack-4.1.1/lib/action_dispatch/middleware/templates/routes/_table.html.erb (0.8ms)
  Rendered /home/joex2/.rvm/gems/ruby-2.1.1/gems/actionpack-4.1.1/lib/action_dispatch/middleware/templates/rescues/routing_error.html.erb within rescues/layout (18.0ms)


Started GET "/People" for 127.0.0.1 at 2014-05-22 21:25:21 +0200

ActionController::RoutingError (No route matches [GET] "/People"):
  actionpack (4.1.1) lib/action_dispatch/middleware/debug_exceptions.rb:21:in `call'
  actionpack (4.1.1) lib/action_dispatch/middleware/show_exceptions.rb:30:in `call'
  railties (4.1.1) lib/rails/rack/logger.rb:38:in `call_app'
  railties (4.1.1) lib/rails/rack/logger.rb:20:in `block in call'
  activesupport (4.1.1) lib/active_support/tagged_logging.rb:68:in `block in tagged'
  activesupport (4.1.1) lib/active_support/tagged_logging.rb:26:in `tagged'
  activesupport (4.1.1) lib/active_support/tagged_logging.rb:68:in `tagged'
  railties (4.1.1) lib/rails/rack/logger.rb:20:in `call'
  actionpack (4.1.1) lib/action_dispatch/middleware/request_id.rb:21:in `call'
  rack (1.5.2) lib/rack/methodoverride.rb:21:in `call'
  rack (1.5.2) lib/rack/runtime.rb:17:in `call'
  activesupport (4.1.1) lib/active_support/cache/strategy/local_cache_middleware.rb:26:in `call'
  rack (1.5.2) lib/rack/lock.rb:17:in `call'
  actionpack (4.1.1) lib/action_dispatch/middleware/static.rb:64:in `call'
  rack (1.5.2) lib/rack/sendfile.rb:112:in `call'
  railties (4.1.1) lib/rails/engine.rb:514:in `call'
  railties (4.1.1) lib/rails/application.rb:144:in `call'
  rack (1.5.2) lib/rack/content_length.rb:14:in `call'
  thin (1.6.2) lib/thin/connection.rb:86:in `block in pre_process'
  thin (1.6.2) lib/thin/connection.rb:84:in `catch'
  thin (1.6.2) lib/thin/connection.rb:84:in `pre_process'
  thin (1.6.2) lib/thin/connection.rb:53:in `process'
  thin (1.6.2) lib/thin/connection.rb:39:in `receive_data'
  eventmachine (1.0.3) lib/eventmachine.rb:187:in `run_machine'
  eventmachine (1.0.3) lib/eventmachine.rb:187:in `run'
  thin (1.6.2) lib/thin/backends/base.rb:73:in `start'
  thin (1.6.2) lib/thin/server.rb:162:in `start'
  rack (1.5.2) lib/rack/handler/thin.rb:16:in `run'
  rack (1.5.2) lib/rack/server.rb:264:in `start'
  railties (4.1.1) lib/rails/commands/server.rb:69:in `start'
  railties (4.1.1) lib/rails/commands/commands_tasks.rb:81:in `block in server'
  railties (4.1.1) lib/rails/commands/commands_tasks.rb:76:in `tap'
  railties (4.1.1) lib/rails/commands/commands_tasks.rb:76:in `server'
  railties (4.1.1) lib/rails/commands/commands_tasks.rb:40:in `run_command!'
  railties (4.1.1) lib/rails/commands.rb:17:in `<top (required)>'
  bin/rails:4:in `require'
  bin/rails:4:in `<main>'


  Rendered /home/joex2/.rvm/gems/ruby-2.1.1/gems/actionpack-4.1.1/lib/action_dispatch/middleware/templates/rescues/_trace.html.erb (0.9ms)
  Rendered /home/joex2/.rvm/gems/ruby-2.1.1/gems/actionpack-4.1.1/lib/action_dispatch/middleware/templates/routes/_route.html.erb (1.2ms)
  Rendered /home/joex2/.rvm/gems/ruby-2.1.1/gems/actionpack-4.1.1/lib/action_dispatch/middleware/templates/routes/_table.html.erb (0.9ms)
  Rendered /home/joex2/.rvm/gems/ruby-2.1.1/gems/actionpack-4.1.1/lib/action_dispatch/middleware/templates/rescues/routing_error.html.erb within rescues/layout (18.0ms)


Started GET "/people" for 127.0.0.1 at 2014-05-22 21:25:38 +0200
Processing by PeopleController#index as HTML
  [1m[35mPerson Load (0.1ms)[0m  SELECT "people".* FROM "people"
  Rendered people/index.html.erb within layouts/application (1.3ms)
Completed 200 OK in 603ms (Views: 601.6ms | ActiveRecord: 0.1ms)


Started GET "/assets/twitter-bootstrap-static/bootstrap.css?body=1" for 127.0.0.1 at 2014-05-22 21:25:38 +0200


Started GET "/assets/twitter-bootstrap-static/fontawesome.css?body=1" for 127.0.0.1 at 2014-05-22 21:25:38 +0200


Started GET "/assets/bootstrap_and_overrides.css?body=1" for 127.0.0.1 at 2014-05-22 21:25:38 +0200


Started GET "/assets/people.css?body=1" for 127.0.0.1 at 2014-05-22 21:25:38 +0200


Started GET "/assets/scaffolds.css?body=1" for 127.0.0.1 at 2014-05-22 21:25:38 +0200


Started GET "/assets/application.css?body=1" for 127.0.0.1 at 2014-05-22 21:25:38 +0200


Started GET "/assets/jquery.js?body=1" for 127.0.0.1 at 2014-05-22 21:25:38 +0200


Started GET "/assets/jquery_ujs.js?body=1" for 127.0.0.1 at 2014-05-22 21:25:38 +0200


Started GET "/assets/people.js?body=1" for 127.0.0.1 at 2014-05-22 21:25:38 +0200


Started GET "/assets/application.js?body=1" for 127.0.0.1 at 2014-05-22 21:25:38 +0200


Started GET "/people/new" for 127.0.0.1 at 2014-05-22 21:25:46 +0200
Processing by PeopleController#new as HTML
  Rendered people/_form.html.erb (35.8ms)
  Rendered people/new.html.erb within layouts/application (37.2ms)
Completed 200 OK in 44ms (Views: 42.3ms | ActiveRecord: 0.4ms)


Started GET "/assets/twitter-bootstrap-static/bootstrap.css?body=1" for 127.0.0.1 at 2014-05-22 21:25:46 +0200


Started GET "/assets/people.css?body=1" for 127.0.0.1 at 2014-05-22 21:25:46 +0200


Started GET "/assets/scaffolds.css?body=1" for 127.0.0.1 at 2014-05-22 21:25:46 +0200


Started GET "/assets/twitter-bootstrap-static/fontawesome.css?body=1" for 127.0.0.1 at 2014-05-22 21:25:46 +0200


Started GET "/assets/bootstrap_and_overrides.css?body=1" for 127.0.0.1 at 2014-05-22 21:25:46 +0200


Started GET "/assets/application.css?body=1" for 127.0.0.1 at 2014-05-22 21:25:46 +0200


Started GET "/assets/jquery.js?body=1" for 127.0.0.1 at 2014-05-22 21:25:46 +0200


Started GET "/assets/jquery_ujs.js?body=1" for 127.0.0.1 at 2014-05-22 21:25:46 +0200


Started GET "/assets/people.js?body=1" for 127.0.0.1 at 2014-05-22 21:25:46 +0200


Started GET "/assets/application.js?body=1" for 127.0.0.1 at 2014-05-22 21:25:46 +0200


Started POST "/people" for 127.0.0.1 at 2014-05-22 21:26:09 +0200
Processing by PeopleController#create as HTML
  Parameters: {"utf8"=>"✓", "authenticity_token"=>"4+47FRmKKCN07wTF387Gwy6fkW9JLjxNaqsp66RCIVw=", "person"=>{"role"=>"Administrator", "name"=>"Joe Sørensen"}, "commit"=>"Create Person"}
  [1m[36m (0.1ms)[0m  [1mbegin transaction[0m
  [1m[35mSQL (0.4ms)[0m  INSERT INTO "people" ("created_at", "name", "role", "updated_at") VALUES (?, ?, ?, ?)  [["created_at", "2014-05-22 19:26:09.853535"], ["name", "Joe Sørensen"], ["role", "Administrator"], ["updated_at", "2014-05-22 19:26:09.853535"]]
  [1m[36m (296.0ms)[0m  [1mcommit transaction[0m
Redirected to http://127.0.0.1:3000/people/1
Completed 302 Found in 350ms (ActiveRecord: 296.5ms)


Started GET "/people/1" for 127.0.0.1 at 2014-05-22 21:26:10 +0200
Processing by PeopleController#show as HTML
  Parameters: {"id"=>"1"}
  [1m[35mPerson Load (0.4ms)[0m  SELECT  "people".* FROM "people"  WHERE "people"."id" = ? LIMIT 1  [["id", 1]]
  Rendered people/show.html.erb within layouts/application (1.2ms)
Completed 200 OK in 10ms (Views: 7.7ms | ActiveRecord: 0.4ms)


Started GET "/assets/twitter-bootstrap-static/bootstrap.css?body=1" for 127.0.0.1 at 2014-05-22 21:26:10 +0200


Started GET "/assets/twitter-bootstrap-static/fontawesome.css?body=1" for 127.0.0.1 at 2014-05-22 21:26:10 +0200


Started GET "/assets/bootstrap_and_overrides.css?body=1" for 127.0.0.1 at 2014-05-22 21:26:10 +0200


Started GET "/assets/people.css?body=1" for 127.0.0.1 at 2014-05-22 21:26:10 +0200


Started GET "/assets/scaffolds.css?body=1" for 127.0.0.1 at 2014-05-22 21:26:10 +0200


Started GET "/assets/application.css?body=1" for 127.0.0.1 at 2014-05-22 21:26:10 +0200


Started GET "/assets/jquery.js?body=1" for 127.0.0.1 at 2014-05-22 21:26:10 +0200


Started GET "/assets/jquery_ujs.js?body=1" for 127.0.0.1 at 2014-05-22 21:26:10 +0200


Started GET "/assets/people.js?body=1" for 127.0.0.1 at 2014-05-22 21:26:10 +0200


Started GET "/assets/application.js?body=1" for 127.0.0.1 at 2014-05-22 21:26:10 +0200


Started GET "/people" for 127.0.0.1 at 2014-05-22 21:26:13 +0200
Processing by PeopleController#index as HTML
  [1m[36mPerson Load (0.2ms)[0m  [1mSELECT "people".* FROM "people"[0m
  Rendered people/index.html.erb within layouts/application (1.2ms)
Completed 200 OK in 7ms (Views: 6.4ms | ActiveRecord: 0.2ms)


Started GET "/assets/twitter-bootstrap-static/bootstrap.css?body=1" for 127.0.0.1 at 2014-05-22 21:26:13 +0200


Started GET "/assets/twitter-bootstrap-static/fontawesome.css?body=1" for 127.0.0.1 at 2014-05-22 21:26:13 +0200


Started GET "/assets/bootstrap_and_overrides.css?body=1" for 127.0.0.1 at 2014-05-22 21:26:13 +0200


Started GET "/assets/people.css?body=1" for 127.0.0.1 at 2014-05-22 21:26:13 +0200


Started GET "/assets/scaffolds.css?body=1" for 127.0.0.1 at 2014-05-22 21:26:13 +0200


Started GET "/assets/application.css?body=1" for 127.0.0.1 at 2014-05-22 21:26:13 +0200


Started GET "/assets/jquery.js?body=1" for 127.0.0.1 at 2014-05-22 21:26:13 +0200


Started GET "/assets/jquery_ujs.js?body=1" for 127.0.0.1 at 2014-05-22 21:26:13 +0200


Started GET "/assets/people.js?body=1" for 127.0.0.1 at 2014-05-22 21:26:13 +0200


Started GET "/assets/application.js?body=1" for 127.0.0.1 at 2014-05-22 21:26:13 +0200


Started GET "/people/1" for 127.0.0.1 at 2014-05-22 21:26:17 +0200
Processing by PeopleController#show as HTML
  Parameters: {"id"=>"1"}
  [1m[35mPerson Load (0.1ms)[0m  SELECT  "people".* FROM "people"  WHERE "people"."id" = ? LIMIT 1  [["id", 1]]
  Rendered people/show.html.erb within layouts/application (0.7ms)
Completed 200 OK in 8ms (Views: 7.4ms | ActiveRecord: 0.1ms)


Started GET "/assets/twitter-bootstrap-static/bootstrap.css?body=1" for 127.0.0.1 at 2014-05-22 21:26:17 +0200


Started GET "/assets/twitter-bootstrap-static/fontawesome.css?body=1" for 127.0.0.1 at 2014-05-22 21:26:17 +0200


Started GET "/assets/bootstrap_and_overrides.css?body=1" for 127.0.0.1 at 2014-05-22 21:26:17 +0200


Started GET "/assets/people.css?body=1" for 127.0.0.1 at 2014-05-22 21:26:17 +0200


Started GET "/assets/scaffolds.css?body=1" for 127.0.0.1 at 2014-05-22 21:26:17 +0200


Started GET "/assets/application.css?body=1" for 127.0.0.1 at 2014-05-22 21:26:17 +0200


Started GET "/assets/jquery.js?body=1" for 127.0.0.1 at 2014-05-22 21:26:17 +0200


Started GET "/assets/jquery_ujs.js?body=1" for 127.0.0.1 at 2014-05-22 21:26:17 +0200


Started GET "/assets/people.js?body=1" for 127.0.0.1 at 2014-05-22 21:26:17 +0200


Started GET "/assets/application.js?body=1" for 127.0.0.1 at 2014-05-22 21:26:17 +0200


Started GET "/people" for 127.0.0.1 at 2014-05-22 21:26:19 +0200
Processing by PeopleController#index as HTML
  [1m[36mPerson Load (0.2ms)[0m  [1mSELECT "people".* FROM "people"[0m
  Rendered people/index.html.erb within layouts/application (1.1ms)
Completed 200 OK in 8ms (Views: 7.4ms | ActiveRecord: 0.2ms)


Started GET "/assets/twitter-bootstrap-static/bootstrap.css?body=1" for 127.0.0.1 at 2014-05-22 21:26:19 +0200


Started GET "/assets/twitter-bootstrap-static/fontawesome.css?body=1" for 127.0.0.1 at 2014-05-22 21:26:19 +0200


Started GET "/assets/bootstrap_and_overrides.css?body=1" for 127.0.0.1 at 2014-05-22 21:26:19 +0200


Started GET "/assets/people.css?body=1" for 127.0.0.1 at 2014-05-22 21:26:19 +0200


Started GET "/assets/scaffolds.css?body=1" for 127.0.0.1 at 2014-05-22 21:26:19 +0200


Started GET "/assets/application.css?body=1" for 127.0.0.1 at 2014-05-22 21:26:19 +0200


Started GET "/assets/jquery.js?body=1" for 127.0.0.1 at 2014-05-22 21:26:19 +0200


Started GET "/assets/jquery_ujs.js?body=1" for 127.0.0.1 at 2014-05-22 21:26:19 +0200


Started GET "/assets/people.js?body=1" for 127.0.0.1 at 2014-05-22 21:26:19 +0200


Started GET "/assets/application.js?body=1" for 127.0.0.1 at 2014-05-22 21:26:19 +0200
